<?xml version="1.0" encoding="UTF-8"?>
<!-- Generated by org.testng.reporters.JUnitReportReporter -->
<testsuite hostname="MKG-JAGGU" failures="0" tests="1" name="chromeoptions.testrunner" time="85.848" errors="0" timestamp="2020-05-13T15:05:19 IST" skipped="0">
  <testcase classname="chromeoptions.testrunner" name="feature" time="85.848"/>
  <system-out/>
</testsuite> <!-- chromeoptions.testrunner -->
