<?xml version="1.0" encoding="UTF-8"?>
<!-- Generated by org.testng.reporters.JUnitReportReporter -->
<testsuite hostname="MKG-JAGGU" failures="0" tests="1" name="satz.clas" time="14.434" errors="0" timestamp="2020-04-28T20:20:01 IST" skipped="0">
  <testcase classname="satz.clas" name="name" time="14.434"/>
  <system-out/>
</testsuite> <!-- satz.clas -->
