<?xml version="1.0" encoding="UTF-8"?>
<!-- Generated by org.testng.reporters.JUnitReportReporter -->
<testsuite hostname="MKG-JAGGU" failures="0" tests="2" name="satz.test" time="83.165" errors="0" timestamp="2020-06-01T05:00:57 IST" skipped="0">
  <testcase classname="satz.test" name="pagenavigation" time="35.493"/>
  <system-out/>
  <testcase classname="satz.test" name="pagenavigation" time="47.672"/>
  <system-out/>
</testsuite> <!-- satz.test -->
