<?xml version="1.0" encoding="UTF-8"?>
<!-- Generated by org.testng.reporters.JUnitReportReporter -->
<testsuite hostname="MKG-JAGGU" failures="0" tests="1" name="satz.navigationbar" time="0.282" errors="0" timestamp="2020-06-01T05:00:57 IST" skipped="0">
  <testcase classname="satz.navigationbar" name="checknavigationbar" time="0.282"/>
  <system-out/>
</testsuite> <!-- satz.navigationbar -->
