<?xml version="1.0" encoding="UTF-8"?>
<!-- Generated by org.testng.reporters.JUnitReportReporter -->
<testsuite hostname="MKG-JAGGU" failures="0" tests="2" name="satz.textvalidation" time="0.657" errors="0" timestamp="2020-06-01T05:00:57 IST" skipped="0">
  <testcase classname="satz.textvalidation" name="checkheader" time="0.545"/>
  <system-out/>
  <testcase classname="satz.textvalidation" name="checktitle" time="0.112"/>
  <system-out/>
</testsuite> <!-- satz.textvalidation -->
